Tue Mar 16 23:34:09 CET 2021
MaxEnt version 3.3.3k
Checking header of C:\Users\kramer\PopDynIZW Dropbox\Teaching\_TU_BiodivDynamics\DataBorneo\BaseMaps\bio_asc_01.asc
Checking header of C:\Users\kramer\PopDynIZW Dropbox\Teaching\_TU_BiodivDynamics\DataBorneo\BaseMaps\bio_asc_02.asc
Checking header of C:\Users\kramer\PopDynIZW Dropbox\Teaching\_TU_BiodivDynamics\DataBorneo\BaseMaps\bio_asc_03.asc
Checking header of C:\Users\kramer\PopDynIZW Dropbox\Teaching\_TU_BiodivDynamics\DataBorneo\BaseMaps\bio_asc_05.asc
Checking header of C:\Users\kramer\PopDynIZW Dropbox\Teaching\_TU_BiodivDynamics\DataBorneo\BaseMaps\bio_asc_06.asc
Checking header of C:\Users\kramer\PopDynIZW Dropbox\Teaching\_TU_BiodivDynamics\DataBorneo\BaseMaps\bio_asc_07.asc
Checking header of C:\Users\kramer\PopDynIZW Dropbox\Teaching\_TU_BiodivDynamics\DataBorneo\BaseMaps\bio_asc_08.asc
Checking header of C:\Users\kramer\PopDynIZW Dropbox\Teaching\_TU_BiodivDynamics\DataBorneo\BaseMaps\bio_asc_09.asc
Checking header of C:\Users\kramer\PopDynIZW Dropbox\Teaching\_TU_BiodivDynamics\DataBorneo\BaseMaps\bio_asc_11.asc
Checking header of C:\Users\kramer\PopDynIZW Dropbox\Teaching\_TU_BiodivDynamics\DataBorneo\BaseMaps\bio_asc_12.asc
Checking header of C:\Users\kramer\PopDynIZW Dropbox\Teaching\_TU_BiodivDynamics\DataBorneo\BaseMaps\bio_asc_14.asc
Checking header of C:\Users\kramer\PopDynIZW Dropbox\Teaching\_TU_BiodivDynamics\DataBorneo\BaseMaps\bio_asc_15.asc
Checking header of C:\Users\kramer\PopDynIZW Dropbox\Teaching\_TU_BiodivDynamics\DataBorneo\BaseMaps\bio_asc_21.asc
Checking header of C:\Users\kramer\PopDynIZW Dropbox\Teaching\_TU_BiodivDynamics\DataBorneo\BaseMaps\bio_asc_22.asc
Checking header of C:\Users\kramer\PopDynIZW Dropbox\Teaching\_TU_BiodivDynamics\DataBorneo\BaseMaps\bio_asc_24.asc
Checking header of C:\Users\kramer\PopDynIZW Dropbox\Teaching\_TU_BiodivDynamics\DataBorneo\BaseMaps\bio_asc_27.asc
Checking header of C:\Users\kramer\PopDynIZW Dropbox\Teaching\_TU_BiodivDynamics\DataBorneo\BaseMaps\bio_asc_42.asc
Reading samples from RIVERsim.csv
Read samples: max memory 259522560, total allocated 36065280, free 10588424, used 25476856, increment -1501352
Extractor: max memory 259522560, total allocated 36065280, free 9370816, used 26694464, increment 1217608
Extracting random background and sample data
Time since start: 1.088
866574 points with values for all grids
Adding samples to background in feature space
Command line used: 
Command line to repeat: java density.MaxEnt nowarnings noprefixes "outputdirectory=C:\Users\kramer\PopDynIZW Dropbox\Teaching\_TU_BiodivDynamics\output\MaxEntRes\nobias" "projectionlayers=C:\Users\kramer\PopDynIZW Dropbox\Teaching\_TU_BiodivDynamics\DataBorneo\FutureMaps" "samplesfile=C:\Users\kramer\PopDynIZW Dropbox\Teaching\_TU_BiodivDynamics\DataBorneo\BaseRecords\RIVERsim.csv" "environmentallayers=C:\Users\kramer\PopDynIZW Dropbox\Teaching\_TU_BiodivDynamics\DataBorneo\BaseMaps" replicates=3 -N bio_asc_04 -N bio_asc_10 -N bio_asc_13 -N bio_asc_16 -N bio_asc_17 -N bio_asc_18 -N bio_asc_19 -N hillshade -t bio_asc_42
Species: river_dummy_0 river_dummy_1 river_dummy_2
Layers: bio_asc_01 bio_asc_02 bio_asc_03 bio_asc_05 bio_asc_06 bio_asc_07 bio_asc_08 bio_asc_09 bio_asc_11 bio_asc_12 bio_asc_14 bio_asc_15 bio_asc_21 bio_asc_22 bio_asc_24 bio_asc_27 bio_asc_42
Layertypes: Continuous Continuous Continuous Continuous Continuous Continuous Continuous Continuous Continuous Continuous Continuous Continuous Continuous Continuous Continuous Continuous Categorical
outputdirectory: C:\Users\kramer\PopDynIZW Dropbox\Teaching\_TU_BiodivDynamics\output\MaxEntRes\nobias
projectionlayers: C:\Users\kramer\PopDynIZW Dropbox\Teaching\_TU_BiodivDynamics\DataBorneo\FutureMaps
samplesfile: C:\Users\kramer\PopDynIZW Dropbox\Teaching\_TU_BiodivDynamics\DataBorneo\BaseRecords\RIVERsim.csv
environmentallayers: C:\Users\kramer\PopDynIZW Dropbox\Teaching\_TU_BiodivDynamics\DataBorneo\BaseMaps
replicates: 3

getSamples: max memory 259522560, total allocated 36065280, free 9302856, used 26762424, increment 67960
Making features
makeFeatures: max memory 259522560, total allocated 36065280, free 2827104, used 33238176, increment 6475752
river_dummy_0: 
Regularization values: linear/quadratic/product: 0.173, categorical: 0.250, threshold: 1.430, hinge: 0.500
57 samples
Density: max memory 259522560, total allocated 48336896, free 23448688, used 24888208, increment -8349968
linearPredictor: max memory 259522560, total allocated 48336896, free 23448688, used 24888208, increment 0
Deactivating (bio_asc_42=4.0)
Deactivating (bio_asc_42=6.0)
Deactivating (bio_asc_42=10.0)
Deactivating (bio_asc_42=13.0)
Deactivating (bio_asc_42=14.0)
Deactivating (bio_asc_42=15.0)
Deactivating (bio_asc_42=17.0)
FeaturedSpace: max memory 259522560, total allocated 48336896, free 23448688, used 24888208, increment 0
Sequential: max memory 259522560, total allocated 48336896, free 23427168, used 24909728, increment 21520
Initial loss: 9.215825302206753
Initial test loss: 9.215825302206753
Time since start: 5.461
500: time = 4.060000 loss = 8.396762 testLoss 8.299786
Resulting gain: 0.8190637452562957
Projecting...
Writing file C:\Users\kramer\PopDynIZW Dropbox\Teaching\_TU_BiodivDynamics\output\MaxEntRes\nobias\river_dummy_0.asc
Time since start: 11.629
Writing C:\Users\kramer\PopDynIZW Dropbox\Teaching\_TU_BiodivDynamics\output\MaxEntRes\nobias\plots\river_dummy_0.png
Projecting...
Converting file C:\Users\kramer\PopDynIZW Dropbox\Teaching\_TU_BiodivDynamics\DataBorneo\FutureMaps\bio_asc_42.asc size 9005080, max memory = 259522560
Reading file bio_asc_42.asc
Time since start: 12.96
SIGNEDBYTE, 866565 pixels with data
readGrid: max memory 259522560, total allocated 91095040, free 44251528, used 46843512, increment 21933784
Writing file C:\Users\kramer\PopDynIZW Dropbox\Teaching\_TU_BiodivDynamics\DataBorneo\FutureMaps\maxent.cache\bio_asc_42.mxe
Converting file C:\Users\kramer\PopDynIZW Dropbox\Teaching\_TU_BiodivDynamics\DataBorneo\FutureMaps\bio_asc_01.asc size 10446412, max memory = 259522560
Reading file bio_asc_01.asc
SHORT, 861620 pixels with data
readGrid: max memory 259522560, total allocated 91095040, free 44979128, used 46115912, increment -727600
Writing file C:\Users\kramer\PopDynIZW Dropbox\Teaching\_TU_BiodivDynamics\DataBorneo\FutureMaps\maxent.cache\bio_asc_01.mxe
Converting file C:\Users\kramer\PopDynIZW Dropbox\Teaching\_TU_BiodivDynamics\DataBorneo\FutureMaps\bio_asc_02.asc size 9584792, max memory = 259522560
Reading file bio_asc_02.asc
Time since start: 14.15
SIGNEDBYTE, 861620 pixels with data
readGrid: max memory 259522560, total allocated 91095040, free 32614008, used 58481032, increment 12365120
Writing file C:\Users\kramer\PopDynIZW Dropbox\Teaching\_TU_BiodivDynamics\DataBorneo\FutureMaps\maxent.cache\bio_asc_02.mxe
Converting file C:\Users\kramer\PopDynIZW Dropbox\Teaching\_TU_BiodivDynamics\DataBorneo\FutureMaps\bio_asc_03.asc size 9584792, max memory = 259522560
Reading file bio_asc_03.asc
SIGNEDBYTE, 861620 pixels with data
readGrid: max memory 259522560, total allocated 91095040, free 20503920, used 70591120, increment 12110088
Writing file C:\Users\kramer\PopDynIZW Dropbox\Teaching\_TU_BiodivDynamics\DataBorneo\FutureMaps\maxent.cache\bio_asc_03.mxe
Converting file C:\Users\kramer\PopDynIZW Dropbox\Teaching\_TU_BiodivDynamics\DataBorneo\FutureMaps\bio_asc_05.asc size 10446412, max memory = 259522560
Reading file bio_asc_05.asc
Time since start: 15.369
SHORT, 861620 pixels with data
readGrid: max memory 259522560, total allocated 91095040, free 21979240, used 69115800, increment -1475320
Writing file C:\Users\kramer\PopDynIZW Dropbox\Teaching\_TU_BiodivDynamics\DataBorneo\FutureMaps\maxent.cache\bio_asc_05.mxe
Converting file C:\Users\kramer\PopDynIZW Dropbox\Teaching\_TU_BiodivDynamics\DataBorneo\FutureMaps\bio_asc_06.asc size 10446362, max memory = 259522560
Reading file bio_asc_06.asc
SHORT, 861620 pixels with data
readGrid: max memory 259522560, total allocated 91095040, free 22792344, used 68302696, increment -813104
Writing file C:\Users\kramer\PopDynIZW Dropbox\Teaching\_TU_BiodivDynamics\DataBorneo\FutureMaps\maxent.cache\bio_asc_06.mxe
Converting file C:\Users\kramer\PopDynIZW Dropbox\Teaching\_TU_BiodivDynamics\DataBorneo\FutureMaps\bio_asc_07.asc size 9709786, max memory = 259522560
Reading file bio_asc_07.asc
Time since start: 16.605
SIGNEDBYTE, 861620 pixels with data
readGrid: max memory 259522560, total allocated 91095040, free 33215328, used 57879712, increment -10422984
Writing file C:\Users\kramer\PopDynIZW Dropbox\Teaching\_TU_BiodivDynamics\DataBorneo\FutureMaps\maxent.cache\bio_asc_07.mxe
Converting file C:\Users\kramer\PopDynIZW Dropbox\Teaching\_TU_BiodivDynamics\DataBorneo\FutureMaps\bio_asc_08.asc size 10446412, max memory = 259522560
Reading file bio_asc_08.asc
SHORT, 861620 pixels with data
readGrid: max memory 259522560, total allocated 91095040, free 9797984, used 81297056, increment 23417344
Writing file C:\Users\kramer\PopDynIZW Dropbox\Teaching\_TU_BiodivDynamics\DataBorneo\FutureMaps\maxent.cache\bio_asc_08.mxe
Converting file C:\Users\kramer\PopDynIZW Dropbox\Teaching\_TU_BiodivDynamics\DataBorneo\FutureMaps\bio_asc_09.asc size 10446412, max memory = 259522560
Reading file bio_asc_09.asc
Time since start: 17.839
SHORT, 861620 pixels with data
readGrid: max memory 259522560, total allocated 91095040, free 10185664, used 80909376, increment -387680
Writing file C:\Users\kramer\PopDynIZW Dropbox\Teaching\_TU_BiodivDynamics\DataBorneo\FutureMaps\maxent.cache\bio_asc_09.mxe
Converting file C:\Users\kramer\PopDynIZW Dropbox\Teaching\_TU_BiodivDynamics\DataBorneo\FutureMaps\bio_asc_11.asc size 10446387, max memory = 259522560
Reading file bio_asc_11.asc
SHORT, 861620 pixels with data
readGrid: max memory 259522560, total allocated 91095040, free 11539976, used 79555064, increment -1354312
Writing file C:\Users\kramer\PopDynIZW Dropbox\Teaching\_TU_BiodivDynamics\DataBorneo\FutureMaps\maxent.cache\bio_asc_11.mxe
Converting file C:\Users\kramer\PopDynIZW Dropbox\Teaching\_TU_BiodivDynamics\DataBorneo\FutureMaps\bio_asc_12.asc size 11308032, max memory = 259522560
Reading file bio_asc_12.asc
Time since start: 19.164
SHORT, 861620 pixels with data
readGrid: max memory 259522560, total allocated 91095040, free 12343744, used 78751296, increment -803768
Writing file C:\Users\kramer\PopDynIZW Dropbox\Teaching\_TU_BiodivDynamics\DataBorneo\FutureMaps\maxent.cache\bio_asc_12.mxe
Converting file C:\Users\kramer\PopDynIZW Dropbox\Teaching\_TU_BiodivDynamics\DataBorneo\FutureMaps\bio_asc_14.asc size 10384088, max memory = 259522560
Reading file bio_asc_14.asc
SHORT, 861620 pixels with data
readGrid: max memory 259522560, total allocated 91095040, free 46862208, used 44232832, increment -34518464
Writing file C:\Users\kramer\PopDynIZW Dropbox\Teaching\_TU_BiodivDynamics\DataBorneo\FutureMaps\maxent.cache\bio_asc_14.mxe
Converting file C:\Users\kramer\PopDynIZW Dropbox\Teaching\_TU_BiodivDynamics\DataBorneo\FutureMaps\bio_asc_15.asc size 9584792, max memory = 259522560
Reading file bio_asc_15.asc
Time since start: 20.482
SIGNEDBYTE, 861620 pixels with data
readGrid: max memory 259522560, total allocated 91095040, free 34279120, used 56815920, increment 12583088
Writing file C:\Users\kramer\PopDynIZW Dropbox\Teaching\_TU_BiodivDynamics\DataBorneo\FutureMaps\maxent.cache\bio_asc_15.mxe
Converting file C:\Users\kramer\PopDynIZW Dropbox\Teaching\_TU_BiodivDynamics\DataBorneo\FutureMaps\bio_asc_21.asc size 15213997, max memory = 259522560
Reading file bio_asc_21.asc
FLOAT, 866574 pixels with data
readGrid: max memory 259522560, total allocated 91095040, free 41546704, used 49548336, increment -7267584
Writing file C:\Users\kramer\PopDynIZW Dropbox\Teaching\_TU_BiodivDynamics\DataBorneo\FutureMaps\maxent.cache\bio_asc_21.mxe
Time since start: 21.515
Converting file C:\Users\kramer\PopDynIZW Dropbox\Teaching\_TU_BiodivDynamics\DataBorneo\FutureMaps\bio_asc_22.asc size 8703356, max memory = 259522560
Reading file bio_asc_22.asc
SIGNEDBYTE, 866574 pixels with data
readGrid: max memory 259522560, total allocated 91095040, free 27021232, used 64073808, increment 14525472
Writing file C:\Users\kramer\PopDynIZW Dropbox\Teaching\_TU_BiodivDynamics\DataBorneo\FutureMaps\maxent.cache\bio_asc_22.mxe
Converting file C:\Users\kramer\PopDynIZW Dropbox\Teaching\_TU_BiodivDynamics\DataBorneo\FutureMaps\bio_asc_24.asc size 9963360, max memory = 259522560
Reading file bio_asc_24.asc
Time since start: 22.682
SHORT, 866574 pixels with data
readGrid: max memory 259522560, total allocated 91095040, free 33381176, used 57713864, increment -6359944
Writing file C:\Users\kramer\PopDynIZW Dropbox\Teaching\_TU_BiodivDynamics\DataBorneo\FutureMaps\maxent.cache\bio_asc_24.mxe
Converting file C:\Users\kramer\PopDynIZW Dropbox\Teaching\_TU_BiodivDynamics\DataBorneo\FutureMaps\bio_asc_27.asc size 15456364, max memory = 259522560
Reading file bio_asc_27.asc
FLOAT, 866574 pixels with data
readGrid: max memory 259522560, total allocated 91095040, free 10744528, used 80350512, increment 22636648
Writing file C:\Users\kramer\PopDynIZW Dropbox\Teaching\_TU_BiodivDynamics\DataBorneo\FutureMaps\maxent.cache\bio_asc_27.mxe
Time since start: 24.064
Writing file C:\Users\kramer\PopDynIZW Dropbox\Teaching\_TU_BiodivDynamics\output\MaxEntRes\nobias\river_dummy_0_FutureMaps.asc
Writing file C:\Users\kramer\PopDynIZW Dropbox\Teaching\_TU_BiodivDynamics\output\MaxEntRes\nobias\river_dummy_0_FutureMaps_clamping.asc
Time since start: 35.941
Writing C:\Users\kramer\PopDynIZW Dropbox\Teaching\_TU_BiodivDynamics\output\MaxEntRes\nobias\plots\river_dummy_0_FutureMaps.png
Time since start: 37.298
Writing C:\Users\kramer\PopDynIZW Dropbox\Teaching\_TU_BiodivDynamics\output\MaxEntRes\nobias\plots\river_dummy_0_FutureMaps_clamping.png
Time since start: 39.099
Writing file C:\Users\kramer\PopDynIZW Dropbox\Teaching\_TU_BiodivDynamics\output\MaxEntRes\nobias\river_dummy_0_FutureMaps_novel.asc
Writing file C:\Users\kramer\PopDynIZW Dropbox\Teaching\_TU_BiodivDynamics\output\MaxEntRes\nobias\river_dummy_0_FutureMaps_novel_limiting.asc
Time since start: 49.407
getSamples: max memory 259522560, total allocated 134270976, free 46583080, used 87687896, increment 7337384
Making features
makeFeatures: max memory 259522560, total allocated 134270976, free 33426352, used 100844624, increment 13156728
river_dummy_1: 
Regularization values: linear/quadratic/product: 0.173, categorical: 0.250, threshold: 1.430, hinge: 0.500
57 samples
Density: max memory 259522560, total allocated 134270976, free 42842248, used 91428728, increment -9415896
linearPredictor: max memory 259522560, total allocated 134270976, free 42842248, used 91428728, increment 0
Deactivating (bio_asc_42=4.0)
Deactivating (bio_asc_42=6.0)
Deactivating (bio_asc_42=10.0)
Deactivating (bio_asc_42=13.0)
Deactivating (bio_asc_42=14.0)
Deactivating (bio_asc_42=15.0)
Deactivating (bio_asc_42=17.0)
FeaturedSpace: max memory 259522560, total allocated 134270976, free 42842248, used 91428728, increment 0
Sequential: max memory 259522560, total allocated 134270976, free 42842248, used 91428728, increment 0
Initial loss: 9.21602418844448
Initial test loss: 9.21602418844448
Time since start: 56.408
500: time = 6.603000 loss = 8.327898 testLoss 8.380585
Resulting gain: 0.8881260991083266
Projecting...
Writing file C:\Users\kramer\PopDynIZW Dropbox\Teaching\_TU_BiodivDynamics\output\MaxEntRes\nobias\river_dummy_1.asc
Time since start: 67.219
Writing C:\Users\kramer\PopDynIZW Dropbox\Teaching\_TU_BiodivDynamics\output\MaxEntRes\nobias\plots\river_dummy_1.png
Time since start: 68.988
Projecting...
Writing file C:\Users\kramer\PopDynIZW Dropbox\Teaching\_TU_BiodivDynamics\output\MaxEntRes\nobias\river_dummy_1_FutureMaps.asc
Writing file C:\Users\kramer\PopDynIZW Dropbox\Teaching\_TU_BiodivDynamics\output\MaxEntRes\nobias\river_dummy_1_FutureMaps_clamping.asc
Time since start: 81.463
Writing C:\Users\kramer\PopDynIZW Dropbox\Teaching\_TU_BiodivDynamics\output\MaxEntRes\nobias\plots\river_dummy_1_FutureMaps.png
Time since start: 82.845
Writing C:\Users\kramer\PopDynIZW Dropbox\Teaching\_TU_BiodivDynamics\output\MaxEntRes\nobias\plots\river_dummy_1_FutureMaps_clamping.png
Time since start: 84.337
Writing file C:\Users\kramer\PopDynIZW Dropbox\Teaching\_TU_BiodivDynamics\output\MaxEntRes\nobias\river_dummy_1_FutureMaps_novel.asc
Writing file C:\Users\kramer\PopDynIZW Dropbox\Teaching\_TU_BiodivDynamics\output\MaxEntRes\nobias\river_dummy_1_FutureMaps_novel_limiting.asc
Time since start: 94.35
getSamples: max memory 259522560, total allocated 160927744, free 54193856, used 106733888, increment 15305160
Making features
makeFeatures: max memory 259522560, total allocated 160927744, free 81872016, used 79055728, increment -27678160
river_dummy_2: 
Regularization values: linear/quadratic/product: 0.170, categorical: 0.250, threshold: 1.420, hinge: 0.500
58 samples
Density: max memory 259522560, total allocated 160927744, free 67457880, used 93469864, increment 14414136
linearPredictor: max memory 259522560, total allocated 160927744, free 67457880, used 93469864, increment 0
Deactivating (bio_asc_42=3.0)
Deactivating (bio_asc_42=4.0)
Deactivating (bio_asc_42=6.0)
Deactivating (bio_asc_42=10.0)
Deactivating (bio_asc_42=13.0)
Deactivating (bio_asc_42=14.0)
Deactivating (bio_asc_42=15.0)
Deactivating (bio_asc_42=17.0)
FeaturedSpace: max memory 259522560, total allocated 160927744, free 67457880, used 93469864, increment 0
Sequential: max memory 259522560, total allocated 160927744, free 67457880, used 93469864, increment 0
Initial loss: 9.215924750270084
Initial test loss: 9.215924750270084
Time since start: 100.846
500: time = 6.175000 loss = 8.226023 testLoss 8.843579
Resulting gain: 0.9899012726123111
Projecting...
Writing file C:\Users\kramer\PopDynIZW Dropbox\Teaching\_TU_BiodivDynamics\output\MaxEntRes\nobias\river_dummy_2.asc
Time since start: 113.2
Writing C:\Users\kramer\PopDynIZW Dropbox\Teaching\_TU_BiodivDynamics\output\MaxEntRes\nobias\plots\river_dummy_2.png
Time since start: 114.903
Projecting...
Writing file C:\Users\kramer\PopDynIZW Dropbox\Teaching\_TU_BiodivDynamics\output\MaxEntRes\nobias\river_dummy_2_FutureMaps.asc
Writing file C:\Users\kramer\PopDynIZW Dropbox\Teaching\_TU_BiodivDynamics\output\MaxEntRes\nobias\river_dummy_2_FutureMaps_clamping.asc
Time since start: 127.353
Writing C:\Users\kramer\PopDynIZW Dropbox\Teaching\_TU_BiodivDynamics\output\MaxEntRes\nobias\plots\river_dummy_2_FutureMaps.png
Time since start: 128.805
Writing C:\Users\kramer\PopDynIZW Dropbox\Teaching\_TU_BiodivDynamics\output\MaxEntRes\nobias\plots\river_dummy_2_FutureMaps_clamping.png
Time since start: 130.479
Writing file C:\Users\kramer\PopDynIZW Dropbox\Teaching\_TU_BiodivDynamics\output\MaxEntRes\nobias\river_dummy_2_FutureMaps_novel.asc
Writing file C:\Users\kramer\PopDynIZW Dropbox\Teaching\_TU_BiodivDynamics\output\MaxEntRes\nobias\river_dummy_2_FutureMaps_novel_limiting.asc
Time since start: 140.552
Creating average grid, stddev grid etc.
Writing file C:\Users\kramer\PopDynIZW Dropbox\Teaching\_TU_BiodivDynamics\output\MaxEntRes\nobias\river_dummy_avg.asc
Writing file C:\Users\kramer\PopDynIZW Dropbox\Teaching\_TU_BiodivDynamics\output\MaxEntRes\nobias\river_dummy_stddev.asc
Writing file C:\Users\kramer\PopDynIZW Dropbox\Teaching\_TU_BiodivDynamics\output\MaxEntRes\nobias\river_dummy_min.asc
Writing file C:\Users\kramer\PopDynIZW Dropbox\Teaching\_TU_BiodivDynamics\output\MaxEntRes\nobias\river_dummy_max.asc
Writing file C:\Users\kramer\PopDynIZW Dropbox\Teaching\_TU_BiodivDynamics\output\MaxEntRes\nobias\river_dummy_median.asc
Time since start: 178.95
Writing C:\Users\kramer\PopDynIZW Dropbox\Teaching\_TU_BiodivDynamics\output\MaxEntRes\nobias\plots\river_dummy_avg.png
Time since start: 180.653
Writing C:\Users\kramer\PopDynIZW Dropbox\Teaching\_TU_BiodivDynamics\output\MaxEntRes\nobias\plots\river_dummy_stddev.png
Time since start: 184.266
Writing C:\Users\kramer\PopDynIZW Dropbox\Teaching\_TU_BiodivDynamics\output\MaxEntRes\nobias\plots\river_dummy_min.png
Time since start: 186.872
Writing C:\Users\kramer\PopDynIZW Dropbox\Teaching\_TU_BiodivDynamics\output\MaxEntRes\nobias\plots\river_dummy_max.png
Time since start: 189.362
Writing C:\Users\kramer\PopDynIZW Dropbox\Teaching\_TU_BiodivDynamics\output\MaxEntRes\nobias\plots\river_dummy_median.png
Time since start: 191.529
Creating average grid, stddev grid etc.
Writing file C:\Users\kramer\PopDynIZW Dropbox\Teaching\_TU_BiodivDynamics\output\MaxEntRes\nobias\river_dummy_FutureMaps_avg.asc
Writing file C:\Users\kramer\PopDynIZW Dropbox\Teaching\_TU_BiodivDynamics\output\MaxEntRes\nobias\river_dummy_FutureMaps_stddev.asc
Writing file C:\Users\kramer\PopDynIZW Dropbox\Teaching\_TU_BiodivDynamics\output\MaxEntRes\nobias\river_dummy_FutureMaps_min.asc
Writing file C:\Users\kramer\PopDynIZW Dropbox\Teaching\_TU_BiodivDynamics\output\MaxEntRes\nobias\river_dummy_FutureMaps_max.asc
Writing file C:\Users\kramer\PopDynIZW Dropbox\Teaching\_TU_BiodivDynamics\output\MaxEntRes\nobias\river_dummy_FutureMaps_median.asc
Time since start: 238.818
Writing C:\Users\kramer\PopDynIZW Dropbox\Teaching\_TU_BiodivDynamics\output\MaxEntRes\nobias\plots\river_dummy_FutureMaps_avg.png
Time since start: 240.585
Writing C:\Users\kramer\PopDynIZW Dropbox\Teaching\_TU_BiodivDynamics\output\MaxEntRes\nobias\plots\river_dummy_FutureMaps_stddev.png
Time since start: 242.155
Writing C:\Users\kramer\PopDynIZW Dropbox\Teaching\_TU_BiodivDynamics\output\MaxEntRes\nobias\plots\river_dummy_FutureMaps_min.png
Time since start: 243.94
Writing C:\Users\kramer\PopDynIZW Dropbox\Teaching\_TU_BiodivDynamics\output\MaxEntRes\nobias\plots\river_dummy_FutureMaps_max.png
Time since start: 245.49
Writing C:\Users\kramer\PopDynIZW Dropbox\Teaching\_TU_BiodivDynamics\output\MaxEntRes\nobias\plots\river_dummy_FutureMaps_median.png
Time since start: 247.548
Ending
